2024-07-15 09:34:43.870 +05:30 INFO  XOutput.Tools.DependencyEmbedder.CurrentDomain_AssemblyResolve: Loading SharpDX.DirectInput.dll from embedded resources
2024-07-15 09:34:44.126 +05:30 INFO  XOutput.Tools.DependencyEmbedder.CurrentDomain_AssemblyResolve: Loading SharpDX.dll from embedded resources
2024-07-15 09:34:44.322 +05:30 INFO  XOutput.UI.Windows.MainWindow..ctor: Starting XOutput in normal window
2024-07-15 09:34:44.661 +05:30 INFO  XOutput.Tools.DependencyEmbedder.CurrentDomain_AssemblyResolve: Loading Hardcodet.Wpf.TaskbarNotification.dll from embedded resources
2024-07-15 09:34:45.197 +05:30 INFO  XOutput.Tools.DependencyEmbedder.CurrentDomain_AssemblyResolve: Loading Newtonsoft.Json.dll from embedded resources
2024-07-15 09:34:45.708 +05:30 INFO  XOutput.Tools.LanguageManager..ctor: Brazilian Portuguese language is loaded.
2024-07-15 09:34:45.708 +05:30 INFO  XOutput.Tools.LanguageManager..ctor: English language is loaded.
2024-07-15 09:34:45.709 +05:30 INFO  XOutput.Tools.LanguageManager..ctor: French language is loaded.
2024-07-15 09:34:45.709 +05:30 INFO  XOutput.Tools.LanguageManager..ctor: German language is loaded.
2024-07-15 09:34:45.709 +05:30 INFO  XOutput.Tools.LanguageManager..ctor: Greek language is loaded.
2024-07-15 09:34:45.710 +05:30 INFO  XOutput.Tools.LanguageManager..ctor: Hungarian language is loaded.
2024-07-15 09:34:45.711 +05:30 INFO  XOutput.Tools.LanguageManager..ctor: Russian language is loaded.
2024-07-15 09:34:45.711 +05:30 INFO  XOutput.Tools.LanguageManager..ctor: Simplified Chinese language is loaded.
2024-07-15 09:34:45.711 +05:30 INFO  XOutput.Tools.LanguageManager..ctor: Spanish language is loaded.
2024-07-15 09:34:45.711 +05:30 INFO  XOutput.Tools.LanguageManager.set_Language: Language is set to English
2024-07-15 09:34:45.908 +05:30 INFO  XOutput.UI.Windows.MainWindowViewModel.Initialize: Loading settings was successful.
2024-07-15 09:34:45.910 +05:30 INFO  XOutput.Tools.DependencyEmbedder.CurrentDomain_AssemblyResolve: Loading Nefarius.ViGEm.Client.dll from embedded resources
2024-07-15 09:34:46.313 +05:30 INFO  XOutput.UI.Windows.MainWindowViewModel.Initialize: SCPToolkit is installed only.
2024-07-15 09:34:46.462 +05:30 INFO  XOutput.Devices.Input.DirectInput.DirectDevice..ctor: SPEEDLINK STRIKE Gamepad 79dfb640-f358-11ee-8001-444553540000
2024-07-15 09:34:46.519 +05:30 INFO  XOutput.Devices.Input.DirectInput.DirectDevice..ctor: {
Properties: {
  AutoCenter: True
  AxisMode: Absolute
  BufferSize: 128
  ClassGuid: 745a17a0-74d3-11d0-b6fe-00a0c90f57da
  DeadZone: Exception has been thrown by the target of an invocation.
  ForceFeedbackGain: 10000
  Granularity: Exception has been thrown by the target of an invocation.
  InstanceName: SPEEDLINK STRIKE Gamepad
  InterfacePath: \\?\hid#vid_0079&pid_0006#6&3ad8c6e6&2&0000#{4d1e55b2-f16f-11cf-88cb-001111000030}
  JoystickId: 0
  MemoryLoad: -674461289
  PortDisplayName: Exception has been thrown by the target of an invocation.
  ProductId: 6
  ProductName: SPEEDLINK STRIKE Gamepad
  Range: Exception has been thrown by the target of an invocation.
  Saturation: Exception has been thrown by the target of an invocation.
  TypeName: Exception has been thrown by the target of an invocation.
  UserName: Exception has been thrown by the target of an invocation.
  VendorId: 121
}
CreatedEffects: [
]
Capabilities: {
  Type: Gamepad
  Subtype: 258
  IsHumanInterfaceDevice: True
  Flags: Attached, Emulated, PolledDataFormat, ForceFeedback, ForwardFeedbackAttack, ForceFeedbackDate, Saturation, PositiveNegativeCoeeficients, DeadBand, StartDelay
  AxeCount: 5
  ButtonCount: 12
  PovCount: 1
  ForceFeedbackSamplePeriod: 0
  ForceFeedbackMinimumTimeResolution: 0
  FirmwareRevision: 1
  HardwareRevision: 1
  DriverVersion: 2
}
Information: {
  Type: Gamepad
  Subtype: 258
  IsHumanInterfaceDevice: True
  InstanceGuid: 79dfb640-f358-11ee-8001-444553540000
  ProductGuid: 00060079-0000-0000-0000-504944564944
  InstanceName: SPEEDLINK STRIKE Gamepad
  ProductName: SPEEDLINK STRIKE Gamepad
  ForceFeedbackDriverGuid: b4fe8b05-40d0-438a-b4c2-de4522951071
  UsagePage: Generic
  Usage: LedCompose
}
Tag: null
NativePointer: 2863837806984
IsDisposed: False
}
2024-07-15 09:34:46.520 +05:30 INFO  XOutput.Devices.Input.DirectInput.DirectDevice..ctor: [
  ObjectType: a36d02e3-c9f3-11cf-bfc7-444553540000
  Offset: 0
  ObjectId: Flags: AbsoluteAxis InstanceNumber: 5 RawId: 0x00000502
  Aspect: Position
  Name: Z Rotation
  MaximumForceFeedback: 0
  ForceFeedbackResolution: 0
  CollectionNumber: 1
  DesignatorIndex: 0
  UsagePage: 1
  Usage: 53
  Dimension: 0
  Exponent: 0
  ReportId: 0
  ,
  ObjectType: a36d02e2-c9f3-11cf-bfc7-444553540000
  Offset: 4
  ObjectId: Flags: AbsoluteAxis InstanceNumber: 2 RawId: 0x00000202
  Aspect: Position
  Name: Z Axis
  MaximumForceFeedback: 0
  ForceFeedbackResolution: 0
  CollectionNumber: 1
  DesignatorIndex: 0
  UsagePage: 1
  Usage: 50
  Dimension: 0
  Exponent: 0
  ReportId: 0
  ,
  ObjectType: a36d02e2-c9f3-11cf-bfc7-444553540000
  Offset: 8
  ObjectId: Flags: AbsoluteAxis InstanceNumber: 6 RawId: 0x00000602
  Aspect: Position
  Name: Z Axis
  MaximumForceFeedback: 0
  ForceFeedbackResolution: 0
  CollectionNumber: 1
  DesignatorIndex: 0
  UsagePage: 1
  Usage: 50
  Dimension: 0
  Exponent: 0
  ReportId: 0
  ,
  ObjectType: a36d02e1-c9f3-11cf-bfc7-444553540000
  Offset: 12
  ObjectId: Flags: AbsoluteAxis, ForceFeedbackActuator InstanceNumber: 1 RawId: 0x01000102
  Aspect: 33025
  Name: Y Axis
  MaximumForceFeedback: 0
  ForceFeedbackResolution: 0
  CollectionNumber: 1
  DesignatorIndex: 0
  UsagePage: 1
  Usage: 49
  Dimension: 0
  Exponent: 0
  ReportId: 0
  ,
  ObjectType: a36d02e0-c9f3-11cf-bfc7-444553540000
  Offset: 16
  ObjectId: Flags: AbsoluteAxis, ForceFeedbackActuator InstanceNumber: 0 RawId: 0x01000002
  Aspect: 33025
  Name: X Axis
  MaximumForceFeedback: 0
  ForceFeedbackResolution: 0
  CollectionNumber: 1
  DesignatorIndex: 0
  UsagePage: 1
  Usage: 48
  Dimension: 0
  Exponent: 0
  ReportId: 0
  ,
  ObjectType: a36d02f2-c9f3-11cf-bfc7-444553540000
  Offset: 20
  ObjectId: Flags: PointOfViewController InstanceNumber: 0 RawId: 0x00000010
  Aspect: Position
  Name: Hat Switch
  MaximumForceFeedback: 0
  ForceFeedbackResolution: 0
  CollectionNumber: 1
  DesignatorIndex: 0
  UsagePage: 1
  Usage: 57
  Dimension: 20
  Exponent: 0
  ReportId: 0
  ,
  ObjectType: a36d02f0-c9f3-11cf-bfc7-444553540000
  Offset: 28
  ObjectId: Flags: PushButton InstanceNumber: 0 RawId: 0x00000004
  Aspect: 0
  Name: Button 0
  MaximumForceFeedback: 0
  ForceFeedbackResolution: 0
  CollectionNumber: 1
  DesignatorIndex: 0
  UsagePage: 9
  Usage: 1
  Dimension: 0
  Exponent: 0
  ReportId: 0
  ,
  ObjectType: a36d02f0-c9f3-11cf-bfc7-444553540000
  Offset: 29
  ObjectId: Flags: PushButton InstanceNumber: 1 RawId: 0x00000104
  Aspect: 0
  Name: Button 1
  MaximumForceFeedback: 0
  ForceFeedbackResolution: 0
  CollectionNumber: 1
  DesignatorIndex: 0
  UsagePage: 9
  Usage: 2
  Dimension: 0
  Exponent: 0
  ReportId: 0
  ,
  ObjectType: a36d02f0-c9f3-11cf-bfc7-444553540000
  Offset: 30
  ObjectId: Flags: PushButton InstanceNumber: 2 RawId: 0x00000204
  Aspect: 0
  Name: Button 2
  MaximumForceFeedback: 0
  ForceFeedbackResolution: 0
  CollectionNumber: 1
  DesignatorIndex: 0
  UsagePage: 9
  Usage: 3
  Dimension: 0
  Exponent: 0
  ReportId: 0
  ,
  ObjectType: a36d02f0-c9f3-11cf-bfc7-444553540000
  Offset: 31
  ObjectId: Flags: PushButton InstanceNumber: 3 RawId: 0x00000304
  Aspect: 0
  Name: Button 3
  MaximumForceFeedback: 0
  ForceFeedbackResolution: 0
  CollectionNumber: 1
  DesignatorIndex: 0
  UsagePage: 9
  Usage: 4
  Dimension: 0
  Exponent: 0
  ReportId: 0
  ,
  ObjectType: a36d02f0-c9f3-11cf-bfc7-444553540000
  Offset: 32
  ObjectId: Flags: PushButton InstanceNumber: 4 RawId: 0x00000404
  Aspect: 0
  Name: Button 4
  MaximumForceFeedback: 0
  ForceFeedbackResolution: 0
  CollectionNumber: 1
  DesignatorIndex: 0
  UsagePage: 9
  Usage: 5
  Dimension: 0
  Exponent: 0
  ReportId: 0
  ,
  ObjectType: a36d02f0-c9f3-11cf-bfc7-444553540000
  Offset: 33
  ObjectId: Flags: PushButton InstanceNumber: 5 RawId: 0x00000504
  Aspect: 0
  Name: Button 5
  MaximumForceFeedback: 0
  ForceFeedbackResolution: 0
  CollectionNumber: 1
  DesignatorIndex: 0
  UsagePage: 9
  Usage: 6
  Dimension: 0
  Exponent: 0
  ReportId: 0
  ,
  ObjectType: a36d02f0-c9f3-11cf-bfc7-444553540000
  Offset: 34
  ObjectId: Flags: PushButton InstanceNumber: 6 RawId: 0x00000604
  Aspect: 0
  Name: Button 6
  MaximumForceFeedback: 0
  ForceFeedbackResolution: 0
  CollectionNumber: 1
  DesignatorIndex: 0
  UsagePage: 9
  Usage: 7
  Dimension: 0
  Exponent: 0
  ReportId: 0
  ,
  ObjectType: a36d02f0-c9f3-11cf-bfc7-444553540000
  Offset: 35
  ObjectId: Flags: PushButton InstanceNumber: 7 RawId: 0x00000704
  Aspect: 0
  Name: Button 7
  MaximumForceFeedback: 0
  ForceFeedbackResolution: 0
  CollectionNumber: 1
  DesignatorIndex: 0
  UsagePage: 9
  Usage: 8
  Dimension: 0
  Exponent: 0
  ReportId: 0
  ,
  ObjectType: a36d02f0-c9f3-11cf-bfc7-444553540000
  Offset: 36
  ObjectId: Flags: PushButton InstanceNumber: 8 RawId: 0x00000804
  Aspect: 0
  Name: Button 8
  MaximumForceFeedback: 0
  ForceFeedbackResolution: 0
  CollectionNumber: 1
  DesignatorIndex: 0
  UsagePage: 9
  Usage: 9
  Dimension: 0
  Exponent: 0
  ReportId: 0
  ,
  ObjectType: a36d02f0-c9f3-11cf-bfc7-444553540000
  Offset: 37
  ObjectId: Flags: PushButton InstanceNumber: 9 RawId: 0x00000904
  Aspect: 0
  Name: Button 9
  MaximumForceFeedback: 0
  ForceFeedbackResolution: 0
  CollectionNumber: 1
  DesignatorIndex: 0
  UsagePage: 9
  Usage: 10
  Dimension: 0
  Exponent: 0
  ReportId: 0
  ,
  ObjectType: a36d02f0-c9f3-11cf-bfc7-444553540000
  Offset: 38
  ObjectId: Flags: PushButton InstanceNumber: 10 RawId: 0x00000A04
  Aspect: 0
  Name: Button 10
  MaximumForceFeedback: 0
  ForceFeedbackResolution: 0
  CollectionNumber: 1
  DesignatorIndex: 0
  UsagePage: 9
  Usage: 11
  Dimension: 0
  Exponent: 0
  ReportId: 0
  ,
  ObjectType: a36d02f0-c9f3-11cf-bfc7-444553540000
  Offset: 39
  ObjectId: Flags: PushButton InstanceNumber: 11 RawId: 0x00000B04
  Aspect: 0
  Name: Button 11
  MaximumForceFeedback: 0
  ForceFeedbackResolution: 0
  CollectionNumber: 1
  DesignatorIndex: 0
  UsagePage: 9
  Usage: 12
  Dimension: 0
  Exponent: 0
  ReportId: 0
  ,
  ObjectType: a36d02f3-c9f3-11cf-bfc7-444553540000
  Offset: 0
  ObjectId: Flags: Collection, NoData InstanceNumber: 0 RawId: 0x000000C0
  Aspect: 0
  Name: Collection 0 - Joystick
  MaximumForceFeedback: 0
  ForceFeedbackResolution: 0
  CollectionNumber: 0
  DesignatorIndex: 0
  UsagePage: 1
  Usage: 4
  Dimension: 0
  Exponent: 0
  ReportId: 0
  ,
  ObjectType: a36d02f3-c9f3-11cf-bfc7-444553540000
  Offset: 0
  ObjectId: Flags: Collection, NoData InstanceNumber: 1 RawId: 0x000001C0
  Aspect: 0
  Name: Collection 1
  MaximumForceFeedback: 0
  ForceFeedbackResolution: 0
  CollectionNumber: 0
  DesignatorIndex: 0
  UsagePage: 1
  Usage: 0
  Dimension: 0
  Exponent: 0
  ReportId: 0
  ,
]
2024-07-15 09:34:46.520 +05:30 INFO  XOutput.Devices.Input.DirectInput.DirectDevice..ctor:   Z Rotation Flags: AbsoluteAxis InstanceNumber: 5 RawId: 0x00000502 offset: 0 objecttype: a36d02e3-c9f3-11cf-bfc7-444553540000 53
2024-07-15 09:34:46.520 +05:30 INFO  XOutput.Devices.Input.DirectInput.DirectDevice..ctor:   Z Axis Flags: AbsoluteAxis InstanceNumber: 2 RawId: 0x00000202 offset: 4 objecttype: a36d02e2-c9f3-11cf-bfc7-444553540000 50
2024-07-15 09:34:46.521 +05:30 INFO  XOutput.Devices.Input.DirectInput.DirectDevice..ctor:   Z Axis Flags: AbsoluteAxis InstanceNumber: 6 RawId: 0x00000602 offset: 8 objecttype: a36d02e2-c9f3-11cf-bfc7-444553540000 50
2024-07-15 09:34:46.521 +05:30 INFO  XOutput.Devices.Input.DirectInput.DirectDevice..ctor:   Y Axis Flags: AbsoluteAxis, ForceFeedbackActuator InstanceNumber: 1 RawId: 0x01000102 offset: 12 objecttype: a36d02e1-c9f3-11cf-bfc7-444553540000 49
2024-07-15 09:34:46.521 +05:30 INFO  XOutput.Devices.Input.DirectInput.DirectDevice..ctor:   X Axis Flags: AbsoluteAxis, ForceFeedbackActuator InstanceNumber: 0 RawId: 0x01000002 offset: 16 objecttype: a36d02e0-c9f3-11cf-bfc7-444553540000 48
2024-07-15 09:34:46.521 +05:30 INFO  XOutput.Devices.Input.DirectInput.DirectDevice..ctor:   Hat Switch Flags: PointOfViewController InstanceNumber: 0 RawId: 0x00000010 offset: 20 objecttype: a36d02f2-c9f3-11cf-bfc7-444553540000 57
2024-07-15 09:34:46.521 +05:30 INFO  XOutput.Devices.Input.DirectInput.DirectDevice..ctor:   Button 0 Flags: PushButton InstanceNumber: 0 RawId: 0x00000004 offset: 28 objecttype: a36d02f0-c9f3-11cf-bfc7-444553540000 1
2024-07-15 09:34:46.521 +05:30 INFO  XOutput.Devices.Input.DirectInput.DirectDevice..ctor:   Button 1 Flags: PushButton InstanceNumber: 1 RawId: 0x00000104 offset: 29 objecttype: a36d02f0-c9f3-11cf-bfc7-444553540000 2
2024-07-15 09:34:46.521 +05:30 INFO  XOutput.Devices.Input.DirectInput.DirectDevice..ctor:   Button 2 Flags: PushButton InstanceNumber: 2 RawId: 0x00000204 offset: 30 objecttype: a36d02f0-c9f3-11cf-bfc7-444553540000 3
2024-07-15 09:34:46.521 +05:30 INFO  XOutput.Devices.Input.DirectInput.DirectDevice..ctor:   Button 3 Flags: PushButton InstanceNumber: 3 RawId: 0x00000304 offset: 31 objecttype: a36d02f0-c9f3-11cf-bfc7-444553540000 4
2024-07-15 09:34:46.521 +05:30 INFO  XOutput.Devices.Input.DirectInput.DirectDevice..ctor:   Button 4 Flags: PushButton InstanceNumber: 4 RawId: 0x00000404 offset: 32 objecttype: a36d02f0-c9f3-11cf-bfc7-444553540000 5
2024-07-15 09:34:46.521 +05:30 INFO  XOutput.Devices.Input.DirectInput.DirectDevice..ctor:   Button 5 Flags: PushButton InstanceNumber: 5 RawId: 0x00000504 offset: 33 objecttype: a36d02f0-c9f3-11cf-bfc7-444553540000 6
2024-07-15 09:34:46.521 +05:30 INFO  XOutput.Devices.Input.DirectInput.DirectDevice..ctor:   Button 6 Flags: PushButton InstanceNumber: 6 RawId: 0x00000604 offset: 34 objecttype: a36d02f0-c9f3-11cf-bfc7-444553540000 7
2024-07-15 09:34:46.521 +05:30 INFO  XOutput.Devices.Input.DirectInput.DirectDevice..ctor:   Button 7 Flags: PushButton InstanceNumber: 7 RawId: 0x00000704 offset: 35 objecttype: a36d02f0-c9f3-11cf-bfc7-444553540000 8
2024-07-15 09:34:46.521 +05:30 INFO  XOutput.Devices.Input.DirectInput.DirectDevice..ctor:   Button 8 Flags: PushButton InstanceNumber: 8 RawId: 0x00000804 offset: 36 objecttype: a36d02f0-c9f3-11cf-bfc7-444553540000 9
2024-07-15 09:34:46.521 +05:30 INFO  XOutput.Devices.Input.DirectInput.DirectDevice..ctor:   Button 9 Flags: PushButton InstanceNumber: 9 RawId: 0x00000904 offset: 37 objecttype: a36d02f0-c9f3-11cf-bfc7-444553540000 10
2024-07-15 09:34:46.521 +05:30 INFO  XOutput.Devices.Input.DirectInput.DirectDevice..ctor:   Button 10 Flags: PushButton InstanceNumber: 10 RawId: 0x00000A04 offset: 38 objecttype: a36d02f0-c9f3-11cf-bfc7-444553540000 11
2024-07-15 09:34:46.521 +05:30 INFO  XOutput.Devices.Input.DirectInput.DirectDevice..ctor:   Button 11 Flags: PushButton InstanceNumber: 11 RawId: 0x00000B04 offset: 39 objecttype: a36d02f0-c9f3-11cf-bfc7-444553540000 12
2024-07-15 09:34:46.521 +05:30 INFO  XOutput.Devices.Input.DirectInput.DirectDevice..ctor:   Collection 0 - Joystick Flags: Collection, NoData InstanceNumber: 0 RawId: 0x000000C0 offset: 0 objecttype: a36d02f3-c9f3-11cf-bfc7-444553540000 4
2024-07-15 09:34:46.521 +05:30 INFO  XOutput.Devices.Input.DirectInput.DirectDevice..ctor:   Collection 1 Flags: Collection, NoData InstanceNumber: 1 RawId: 0x000001C0 offset: 0 objecttype: a36d02f3-c9f3-11cf-bfc7-444553540000 0
2024-07-15 09:34:46.623 +05:30 INFO  XOutput.Devices.GameController.CreateXOutput: ViGEm devices are used.
2024-07-15 09:34:46.672 +05:30 INFO  XOutput.UI.Windows.MainWindowViewModel.Initialize: Keyboard controller is connected
2024-07-15 09:34:46.694 +05:30 INFO  XOutput.UI.Windows.MainWindow.Initialize: The application has started.
2024-07-15 09:34:48.477 +05:30 INFO  XOutput.UI.Windows.MainWindowViewModel.VersionCompare: Version is up-to-date
2024-07-15 09:34:50.543 +05:30 INFO  XOutput.Devices.GameController.Start: Emulation started on Controller.
2024-07-15 09:34:50.544 +05:30 INFO  XOutput.Devices.GameController.Start: Force feedback mapping is connected on Controller.
2024-07-15 09:56:51.907 +05:30 INFO  XOutput.Devices.GameController.Stop: Force feedback mapping is disconnected on Controller.
2024-07-15 09:56:51.942 +05:30 INFO  XOutput.Devices.GameController.Stop: Emulation stopped on Controller.
2024-07-15 09:56:52.005 +05:30 INFO  XOutput.UI.Windows.MainWindow.WindowClosed: The application will exit.
